[2025-09-12 09:09:49] E_NOTICE: Undefined variable: conn on line 5470
Context: 
--------------------------------------------------------------------------------
[2025-09-12 09:09:49] E_NOTICE: Undefined offset: 0 on line 2824
Context: 
--------------------------------------------------------------------------------
[2025-09-12 09:09:49] E_NOTICE: Undefined variable: ton on line 2858
Context: 
--------------------------------------------------------------------------------
[2025-09-12 09:09:49] E_NOTICE: Undefined offset: 11 on line 2892
Context: 
--------------------------------------------------------------------------------
[2025-09-12 09:09:49] E_NOTICE: Undefined offset: 5 on line 2895
Context: 
--------------------------------------------------------------------------------
[2025-09-12 09:09:49] E_NOTICE: Undefined offset: 5 on line 2900
Context: 
--------------------------------------------------------------------------------
[2025-09-12 09:09:49] E_NOTICE: Undefined offset: 5 on line 2901
Context: 
--------------------------------------------------------------------------------
[2025-09-12 09:09:49] E_NOTICE: Undefined offset: 6 on line 2895
Context: 
--------------------------------------------------------------------------------
[2025-09-12 09:09:49] E_NOTICE: Undefined offset: 6 on line 2900
Context: 
--------------------------------------------------------------------------------
[2025-09-12 09:09:49] E_NOTICE: Undefined offset: 6 on line 2901
Context: 
--------------------------------------------------------------------------------
[2025-09-12 09:09:49] E_NOTICE: Undefined offset: 7 on line 2895
Context: 
--------------------------------------------------------------------------------
[2025-09-12 09:09:49] E_NOTICE: Undefined offset: 7 on line 2900
Context: 
--------------------------------------------------------------------------------
[2025-09-12 09:09:49] E_NOTICE: Undefined offset: 7 on line 2901
Context: 
--------------------------------------------------------------------------------
[2025-09-12 09:09:49] E_NOTICE: Undefined variable: da on line 3107
Context: 
--------------------------------------------------------------------------------
[2025-09-12 09:09:49] E_NOTICE: Undefined variable: validarestado on line 3641
Context: 
--------------------------------------------------------------------------------
[2025-09-12 09:09:49] E_NOTICE: Undefined variable: validarestado on line 3667
Context: 
--------------------------------------------------------------------------------
[2025-09-12 09:09:49] E_NOTICE: Undefined variable: validarestado on line 3641
Context: 
--------------------------------------------------------------------------------
[2025-09-12 09:09:49] E_NOTICE: Undefined variable: validarestado on line 3667
Context: 
--------------------------------------------------------------------------------
[2025-09-12 09:09:49] E_NOTICE: Undefined variable: vah on line 3738
Context: 
--------------------------------------------------------------------------------
[2025-09-12 09:09:49] E_NOTICE: Undefined variable: vah on line 3777
Context: 
--------------------------------------------------------------------------------
[2025-09-12 09:09:49] E_NOTICE: Undefined variable: vah on line 3828
Context: 
--------------------------------------------------------------------------------
